#
# There is insufficient memory for the Java Runtime Environment to continue.
# Native memory allocation (mmap) failed to map 130023424 bytes for Failed to commit area from 0x0000000084600000 to 0x000000008c200000 of length 130023424.
# Possible reasons:
#   The system is out of physical RAM or swap space
#   The process is running with CompressedOops enabled, and the Java Heap may be blocking the growth of the native heap
# Possible solutions:
#   Reduce memory load on the system
#   Increase physical memory or swap space
#   Check if swap backing store is full
#   Decrease Java heap size (-Xmx/-Xms)
#   Decrease number of Java threads
#   Decrease Java thread stack sizes (-Xss)
#   Set larger code cache with -XX:ReservedCodeCacheSize=
#   JVM is running with Unscaled Compressed Oops mode in which the Java heap is
#     placed in the first 4GB address space. The Java Heap base address is the
#     maximum limit for the native heap growth. Please use -XX:HeapBaseMinAddress
#     to set the Java Heap base and to place the Java Heap above 4GB virtual address.
# This output file may be truncated or incomplete.
#
#  Out of Memory Error (./open/src/hotspot/os/windows/os_windows.cpp:3315), pid=7908, tid=9156
#
# JRE version:  (14.0.1+7) (build )
# Java VM: Java HotSpot(TM) 64-Bit Server VM (14.0.1+7, mixed mode, sharing, tiered, compressed oops, g1 gc, windows-amd64)
# No core dump will be written. Minidumps are not enabled by default on client versions of Windows
#

---------------  S U M M A R Y ------------

Command Line: -Dfile.encoding=UTF-8 -XX:+ShowCodeDetailsInExceptionMessages QATraining.CRUDapp.Runner

Host: Intel(R) Core(TM) i5-10310U CPU @ 1.70GHz, 8 cores, 7G,  Windows 10 , 64 bit Build 19041 (10.0.19041.1889)
Time: Tue Aug 23 16:16:06 2022 GMT Summer Time elapsed time: 0 seconds (0d 0h 0m 0s)

---------------  T H R E A D  ---------------

Current thread (0x000001a6659d3000):  JavaThread "Unknown thread" [_thread_in_vm, id=9156, stack(0x0000008102600000,0x0000008102700000)]

Stack: [0x0000008102600000,0x0000008102700000]
Native frames: (J=compiled Java code, j=interpreted, Vv=VM code, C=native code)
V  [jvm.dll+0x5f840a]
V  [jvm.dll+0x741e4a]
V  [jvm.dll+0x7435ff]
V  [jvm.dll+0x743c43]
V  [jvm.dll+0x20d288]
V  [jvm.dll+0x5f57ba]
V  [jvm.dll+0x5ea615]
V  [jvm.dll+0x2c7e9c]
V  [jvm.dll+0x2c7cd2]
V  [jvm.dll+0x2cdbbc]
V  [jvm.dll+0x313ff8]
V  [jvm.dll+0x313720]
V  [jvm.dll+0x2a092a]
V  [jvm.dll+0x2a1a79]
V  [jvm.dll+0x71f718]
V  [jvm.dll+0x321c44]
V  [jvm.dll+0x700b0c]
V  [jvm.dll+0x392dff]
V  [jvm.dll+0x394e71]
C  [jli.dll+0x523b]
C  [ucrtbase.dll+0x21bb2]
C  [KERNEL32.DLL+0x17034]
C  [ntdll.dll+0x52651]


---------------  P R O C E S S  ---------------

Threads class SMR info:
_java_thread_list=0x00007fff15973078, length=0, elements={
}

Java Threads: ( => current thread )

Other Threads:
  0x000001a665a15800 GCTaskThread "GC Thread#0" [stack: 0x0000008102700000,0x0000008102800000] [id=4876]
  0x000001a665a44000 ConcurrentGCThread "G1 Main Marker" [stack: 0x0000008102800000,0x0000008102900000] [id=3920]
  0x000001a665a46000 ConcurrentGCThread "G1 Conc#0" [stack: 0x0000008102900000,0x0000008102a00000] [id=28348]

[error occurred during error reporting (printing all threads), id 0xc0000005, EXCEPTION_ACCESS_VIOLATION (0xc0000005) at pc=0x00007fff151a1257]

VM state:not at safepoint (not fully initialized)

VM Mutex/Monitor currently owned by a thread:  ([mutex/lock_event])
[0x000001a6659cf6d0] Heap_lock - owner thread: 0x000001a6659d3000

Heap address: 0x0000000084600000, size: 1978 MB, Compressed Oops mode: 32-bit
Narrow klass base: 0x0000000000000000, Narrow klass shift: 0

GC Heap History (0 events):
No events

Deoptimization events (0 events):
No events

Classes unloaded (0 events):
No events

Classes redefined (0 events):
No events

Internal exceptions (0 events):
No events

Events (2 events):
Event: 0.016 Loaded shared library C:\Program Files\Java\jdk-14.0.1\bin\java.dll
Event: 0.017 Loaded shared library C:\Program Files\Java\jdk-14.0.1\bin\zip.dll


Dynamic libraries:
0x00007ff773150000 - 0x00007ff77315f000 	C:\Program Files\Java\jdk-14.0.1\bin\javaw.exe
0x00007fff8ff70000 - 0x00007fff90168000 	C:\WINDOWS\SYSTEM32\ntdll.dll
0x00007fff8fb60000 - 0x00007fff8fc1d000 	C:\WINDOWS\System32\KERNEL32.DLL
0x00007fff8db50000 - 0x00007fff8de1e000 	C:\WINDOWS\System32\KERNELBASE.dll
0x00007fff7bb80000 - 0x00007fff7bbc4000 	C:\ProgramData\FastTrack Software\Admin By Request\ShellHelper64.dll
0x00007fff8e500000 - 0x00007fff8e555000 	C:\WINDOWS\System32\SHLWAPI.dll
0x00007fff8e740000 - 0x00007fff8e7de000 	C:\WINDOWS\System32\msvcrt.dll
0x00007fff8f180000 - 0x00007fff8f320000 	C:\WINDOWS\System32\USER32.dll
0x00007fff8d800000 - 0x00007fff8d822000 	C:\WINDOWS\System32\win32u.dll
0x00007fff8f680000 - 0x00007fff8f6aa000 	C:\WINDOWS\System32\GDI32.dll
0x00007fff8d910000 - 0x00007fff8da1b000 	C:\WINDOWS\System32\gdi32full.dll
0x00007fff8dab0000 - 0x00007fff8db4d000 	C:\WINDOWS\System32\msvcp_win.dll
0x00007fff8d700000 - 0x00007fff8d800000 	C:\WINDOWS\System32\ucrtbase.dll
0x00007fff8fa10000 - 0x00007fff8fabe000 	C:\WINDOWS\System32\ADVAPI32.dll
0x00007fff8fac0000 - 0x00007fff8fb5c000 	C:\WINDOWS\System32\sechost.dll
0x00007fff8f6b0000 - 0x00007fff8f7d5000 	C:\WINDOWS\System32\RPCRT4.dll
0x00007fff8e8d0000 - 0x00007fff8f014000 	C:\WINDOWS\System32\SHELL32.dll
0x00007fff88f60000 - 0x00007fff88f75000 	C:\Program Files\Java\jdk-14.0.1\bin\VCRUNTIME140.dll
0x00007fff89000000 - 0x00007fff89018000 	C:\Program Files\Java\jdk-14.0.1\bin\jli.dll
0x00007fff7e2f0000 - 0x00007fff7e58a000 	C:\WINDOWS\WinSxS\amd64_microsoft.windows.common-controls_6595b64144ccf1df_6.0.19041.1110_none_60b5254171f9507e\COMCTL32.dll
0x00007fff83980000 - 0x00007fff8398a000 	C:\WINDOWS\SYSTEM32\VERSION.dll
0x00007fff8f9e0000 - 0x00007fff8fa10000 	C:\WINDOWS\System32\IMM32.DLL
0x00007fff5ec20000 - 0x00007fff5ecbb000 	C:\Program Files\Java\jdk-14.0.1\bin\msvcp140.dll
0x00007fff14ef0000 - 0x00007fff15a0e000 	C:\Program Files\Java\jdk-14.0.1\bin\server\jvm.dll
0x00007fff8dfd0000 - 0x00007fff8dfd8000 	C:\WINDOWS\System32\PSAPI.DLL
0x00007fff81120000 - 0x00007fff81147000 	C:\WINDOWS\SYSTEM32\WINMM.dll
0x00007fff7bb70000 - 0x00007fff7bb79000 	C:\WINDOWS\SYSTEM32\WSOCK32.dll
0x00007fff8f020000 - 0x00007fff8f08b000 	C:\WINDOWS\System32\WS2_32.dll
0x00007fff8be60000 - 0x00007fff8be72000 	C:\WINDOWS\SYSTEM32\kernel.appcore.dll
0x00007fff88cc0000 - 0x00007fff88cca000 	C:\Program Files\Java\jdk-14.0.1\bin\jimage.dll
0x00007fff8b360000 - 0x00007fff8b544000 	C:\WINDOWS\SYSTEM32\DBGHELP.DLL
0x00007fff80f60000 - 0x00007fff80f8c000 	C:\WINDOWS\SYSTEM32\dbgcore.DLL
0x00007fff8da20000 - 0x00007fff8daa2000 	C:\WINDOWS\System32\bcryptPrimitives.dll
0x00007fff7ede0000 - 0x00007fff7ee05000 	C:\Program Files\Java\jdk-14.0.1\bin\java.dll
0x00007fff88c40000 - 0x00007fff88c56000 	C:\Program Files\Java\jdk-14.0.1\bin\zip.dll

dbghelp: loaded successfully - version: 4.0.5 - missing functions: none
symbol engine: initialized successfully - sym options: 0x614 - pdb path: .;C:\Program Files\Java\jdk-14.0.1\bin;C:\WINDOWS\SYSTEM32;C:\ProgramData\FastTrack Software\Admin By Request;C:\WINDOWS\WinSxS\amd64_microsoft.windows.common-controls_6595b64144ccf1df_6.0.19041.1110_none_60b5254171f9507e;C:\Program Files\Java\jdk-14.0.1\bin\server

VM Arguments:
jvm_args: -Dfile.encoding=UTF-8 -XX:+ShowCodeDetailsInExceptionMessages 
java_command: QATraining.CRUDapp.Runner
java_class_path (initial): C:\Users\a832477\OneDrive - Atos\Documents\QA Training\QA-Project\CRUDapp\target\classes;C:\Users\a832477\.m2\repository\mysql\mysql-connector-java\8.0.29\mysql-connector-java-8.0.29.jar;C:\Users\a832477\.m2\repository\com\google\protobuf\protobuf-java\3.19.4\protobuf-java-3.19.4.jar
Launcher Type: SUN_STANDARD

[Global flags]
     intx CICompilerCount                          = 4                                         {product} {ergonomic}
     uint ConcGCThreads                            = 2                                         {product} {ergonomic}
     uint G1ConcRefinementThreads                  = 8                                         {product} {ergonomic}
   size_t G1HeapRegionSize                         = 1048576                                   {product} {ergonomic}
    uintx GCDrainStackTargetSize                   = 64                                        {product} {ergonomic}
   size_t InitialHeapSize                          = 130023424                                 {product} {ergonomic}
   size_t MarkStackSize                            = 4194304                                   {product} {ergonomic}
   size_t MaxHeapSize                              = 2074083328                                {product} {ergonomic}
   size_t MinHeapDeltaBytes                        = 1048576                                   {product} {ergonomic}
   size_t MinHeapSize                              = 8388608                                   {product} {ergonomic}
    uintx NonNMethodCodeHeapSize                   = 5839372                                {pd product} {ergonomic}
    uintx NonProfiledCodeHeapSize                  = 122909434                              {pd product} {ergonomic}
    uintx ProfiledCodeHeapSize                     = 122909434                              {pd product} {ergonomic}
    uintx ReservedCodeCacheSize                    = 251658240                              {pd product} {ergonomic}
     bool SegmentedCodeCache                       = true                                      {product} {ergonomic}
     bool ShowCodeDetailsInExceptionMessages       = true                                   {manageable} {command line}
   size_t SoftMaxHeapSize                          = 2074083328                             {manageable} {ergonomic}
     bool UseCompressedClassPointers               = true                                 {lp64_product} {ergonomic}
     bool UseCompressedOops                        = true                                 {lp64_product} {ergonomic}
     bool UseG1GC                                  = true                                      {product} {ergonomic}
     bool UseLargePagesIndividualAllocation        = false                                  {pd product} {ergonomic}

Logging:
Log output configuration:
 #0: stdout all=warning uptime,level,tags
 #1: stderr all=off uptime,level,tags

Environment Variables:
JAVA_HOME=C:\Program Files\Java\jdk-14.0.1
PATH=C:/Program Files/Java/jdk-14.0.1/bin/server;C:/Program Files/Java/jdk-14.0.1/bin;C:\WINDOWS\system32;C:\WINDOWS;C:\WINDOWS\System32\Wbem;C:\WINDOWS\System32\WindowsPowerShell\v1.0\;C:\WINDOWS\System32\OpenSSH\;C:\Program Files (x86)\Pulse Secure\VC142.CRT\X64\;C:\Program Files (x86)\Pulse Secure\VC142.CRT\X86\;C:\Program Files (x86)\Common Files\Pulse Secure\VC142.CRT\X64\;C:\Program Files (x86)\Common Files\Pulse Secure\VC142.CRT\X86\;C:\Program Files (x86)\Common Files\Pulse Secure\TNC Client Plugin\;%MYSQL_HOME%\bin;C:\Program Files\PuTTY\;C:\Program Files\Java\jdk-14.0.1\bin;C:\Program Files\apache-maven-3.8.6\bin;C:\Users\a832477\AppData\Local\Microsoft\WindowsApps;C:\Users\a832477\AppData\Local\Programs\Git\cmd;C:\Users\a832477\eclipse\java-2022-06\eclipse;
USERNAME=a832477
OS=Windows_NT
PROCESSOR_IDENTIFIER=Intel64 Family 6 Model 142 Stepping 12, GenuineIntel



---------------  S Y S T E M  ---------------

OS: Windows 10 , 64 bit Build 19041 (10.0.19041.1889)
OS uptime: 12 days 5:49 hours

CPU:total 8 (initial active 8) (4 cores per cpu, 2 threads per core) family 6 model 142 stepping 12, cmov, cx8, fxsr, mmx, sse, sse2, sse3, ssse3, sse4.1, sse4.2, popcnt, avx, avx2, aes, clmul, erms, 3dnowpref, lzcnt, ht, tsc, tscinvbit, bmi1, bmi2, adx, fma

Memory: 4k page, system-wide physical 7910M (327M free)
TotalPageFile size 32486M (AvailPageFile size 113M)
current process WorkingSet (physical memory assigned to process): 11M, peak: 11M
current process commit charge ("private bytes"): 60M, peak: 184M

vm_info: Java HotSpot(TM) 64-Bit Server VM (14.0.1+7) for windows-amd64 JRE (14.0.1+7), built on Mar  5 2020 10:30:14 by "mach5one" with MS VC++ 15.9 (VS2017)

END.
